2024.10.05 16:46:46 INFO  Started: Metals version 1.3.5 in folders '/Users/samspencer/Documents/GitHub/scala-web-scraper' for client Visual Studio Code 1.94.0.
SLF4J(W): Class path contains multiple SLF4J providers.
SLF4J(W): Found provider [scribe.slf4j.ScribeServiceProvider@724577e0]
SLF4J(W): Found provider [ch.qos.logback.classic.spi.LogbackServiceProvider@7382dcba]
SLF4J(W): See https://www.slf4j.org/codes.html#multiple_bindings for an explanation.
SLF4J(I): Actual provider is of type [scribe.slf4j.ScribeServiceProvider@724577e0]
2024.10.05 16:46:47 WARN  Flyway upgrade recommended: H2 2.3.230 is newer than this version of Flyway and support has not been tested. The latest supported version of H2 is 2.2.220.
Oct 05, 2024 4:46:47 PM org.eclipse.lsp4j.jsonrpc.RemoteEndpoint handleNotification
WARNING: Notification threw an exception: {
  "jsonrpc": "2.0",
  "method": "textDocument/didOpen",
  "params": {
    "textDocument": {
      "uri": "file:///Users/samspencer/Documents/GitHub/scala-web-scraper/app/src/main/scala/org/example/App.scala",
      "languageId": "scala",
      "version": 89,
      "text": "/*\n * This source file was generated by the Gradle \u0027init\u0027 task\n */\npackage org.scraper\n\n// import selenium._\n\nobject App {\n  def main(args: Array[String]): Unit \u003d {\n\n    // WebDriver driver \u003d new SafariDriver();\n\n    // driver.get(\"https://jobs.apple.com/en-gb/search?location\u003dunited-kingdom-GBR\")\n\n    // WebElement textBox \u003d driver.findElement(By.name(\"table-col-1\"));\n\n    println(greeting())\n  }\n\n  def greeting(): String \u003d \"Hello, world!\"\n}\n"
    }
  }
}
java.lang.IllegalStateException: An unexpected exception occurred while executing jsonrpc method public abstract java.util.concurrent.CompletableFuture scala.meta.metals.lsp.TextDocumentService.didOpen(org.eclipse.lsp4j.DidOpenTextDocumentParams)
	at org.eclipse.lsp4j.jsonrpc.services.GenericEndpoint.lambda$recursiveFindRpcMethods$0(GenericEndpoint.java:73)
	at org.eclipse.lsp4j.jsonrpc.services.GenericEndpoint.notify(GenericEndpoint.java:160)
	at org.eclipse.lsp4j.jsonrpc.RemoteEndpoint.handleNotification(RemoteEndpoint.java:231)
	at org.eclipse.lsp4j.jsonrpc.RemoteEndpoint.consume(RemoteEndpoint.java:198)
	at org.eclipse.lsp4j.jsonrpc.json.StreamMessageProducer.handleMessage(StreamMessageProducer.java:185)
	at org.eclipse.lsp4j.jsonrpc.json.StreamMessageProducer.listen(StreamMessageProducer.java:97)
	at org.eclipse.lsp4j.jsonrpc.json.ConcurrentMessageProcessor.run(ConcurrentMessageProcessor.java:114)
	at java.base/java.util.concurrent.Executors$RunnableAdapter.call(Executors.java:539)
	at java.base/java.util.concurrent.FutureTask.run(FutureTask.java:264)
	at java.base/java.util.concurrent.ThreadPoolExecutor.runWorker(ThreadPoolExecutor.java:1136)
	at java.base/java.util.concurrent.ThreadPoolExecutor$Worker.run(ThreadPoolExecutor.java:635)
	at java.base/java.lang.Thread.run(Thread.java:842)
Caused by: java.nio.file.NoSuchFileException: /Users/samspencer/Documents/GitHub/scala-web-scraper/app/src/main/scala/org/example/App.scala
	at java.base/sun.nio.fs.UnixException.translateToIOException(UnixException.java:92)
	at java.base/sun.nio.fs.UnixException.rethrowAsIOException(UnixException.java:106)
	at java.base/sun.nio.fs.UnixException.rethrowAsIOException(UnixException.java:111)
	at java.base/sun.nio.fs.UnixFileSystemProvider.newByteChannel(UnixFileSystemProvider.java:218)
	at java.base/java.nio.file.Files.newByteChannel(Files.java:380)
	at java.base/java.nio.file.Files.newByteChannel(Files.java:432)
	at java.base/java.nio.file.Files.readAllBytes(Files.java:3288)
	at scala.meta.internal.io.PlatformFileIO$.slurp(PlatformFileIO.scala:42)
	at scala.meta.internal.io.FileIO$.slurp(FileIO.scala:18)
	at scala.meta.internal.metals.MetalsLspService.didOpen(MetalsLspService.scala:758)
	at scala.meta.internal.metals.WorkspaceLspService.didOpen(WorkspaceLspService.scala:401)
	at scala.meta.metals.lsp.DelegatingScalaService.didOpen(DelegatingScalaService.scala:39)
	at java.base/jdk.internal.reflect.NativeMethodAccessorImpl.invoke0(Native Method)
	at java.base/jdk.internal.reflect.NativeMethodAccessorImpl.invoke(NativeMethodAccessorImpl.java:77)
	at java.base/jdk.internal.reflect.DelegatingMethodAccessorImpl.invoke(DelegatingMethodAccessorImpl.java:43)
	at java.base/java.lang.reflect.Method.invoke(Method.java:568)
	at org.eclipse.lsp4j.jsonrpc.services.GenericEndpoint.lambda$recursiveFindRpcMethods$0(GenericEndpoint.java:65)
	... 11 more

Oct 05, 2024 4:46:48 PM org.eclipse.lsp4j.jsonrpc.RemoteEndpoint handleNotification
WARNING: Notification threw an exception: {
  "jsonrpc": "2.0",
  "method": "textDocument/didOpen",
  "params": {
    "textDocument": {
      "uri": "file:///Users/samspencer/Documents/GitHub/scala-web-scraper/app/src/test/scala/org/example/AppSuite.scala",
      "languageId": "scala",
      "version": 8,
      "text": "/*\n * This source file was generated by the Gradle \u0027init\u0027 task\n */\npackage org.scraper\n\nimport org.scalatest.funsuite.AnyFunSuite\nimport org.junit.runner.RunWith\nimport org.scalatestplus.junit.JUnitRunner\n\n@RunWith(classOf[JUnitRunner])\nclass AppSuite extends AnyFunSuite {\n  test(\"App has a greeting\") {\n    assert(App.greeting() !\u003d null)\n  }\n}\n"
    }
  }
}
java.lang.IllegalStateException: An unexpected exception occurred while executing jsonrpc method public abstract java.util.concurrent.CompletableFuture scala.meta.metals.lsp.TextDocumentService.didOpen(org.eclipse.lsp4j.DidOpenTextDocumentParams)
	at org.eclipse.lsp4j.jsonrpc.services.GenericEndpoint.lambda$recursiveFindRpcMethods$0(GenericEndpoint.java:73)
	at org.eclipse.lsp4j.jsonrpc.services.GenericEndpoint.notify(GenericEndpoint.java:160)
	at org.eclipse.lsp4j.jsonrpc.RemoteEndpoint.handleNotification(RemoteEndpoint.java:231)
	at org.eclipse.lsp4j.jsonrpc.RemoteEndpoint.consume(RemoteEndpoint.java:198)
	at org.eclipse.lsp4j.jsonrpc.json.StreamMessageProducer.handleMessage(StreamMessageProducer.java:185)
	at org.eclipse.lsp4j.jsonrpc.json.StreamMessageProducer.listen(StreamMessageProducer.java:97)
	at org.eclipse.lsp4j.jsonrpc.json.ConcurrentMessageProcessor.run(ConcurrentMessageProcessor.java:114)
	at java.base/java.util.concurrent.Executors$RunnableAdapter.call(Executors.java:539)
	at java.base/java.util.concurrent.FutureTask.run(FutureTask.java:264)
	at java.base/java.util.concurrent.ThreadPoolExecutor.runWorker(ThreadPoolExecutor.java:1136)
	at java.base/java.util.concurrent.ThreadPoolExecutor$Worker.run(ThreadPoolExecutor.java:635)
	at java.base/java.lang.Thread.run(Thread.java:842)
Caused by: java.nio.file.NoSuchFileException: /Users/samspencer/Documents/GitHub/scala-web-scraper/app/src/test/scala/org/example/AppSuite.scala
	at java.base/sun.nio.fs.UnixException.translateToIOException(UnixException.java:92)
	at java.base/sun.nio.fs.UnixException.rethrowAsIOException(UnixException.java:106)
	at java.base/sun.nio.fs.UnixException.rethrowAsIOException(UnixException.java:111)
	at java.base/sun.nio.fs.UnixFileSystemProvider.newByteChannel(UnixFileSystemProvider.java:218)
	at java.base/java.nio.file.Files.newByteChannel(Files.java:380)
	at java.base/java.nio.file.Files.newByteChannel(Files.java:432)
	at java.base/java.nio.file.Files.readAllBytes(Files.java:3288)
	at scala.meta.internal.io.PlatformFileIO$.slurp(PlatformFileIO.scala:42)
	at scala.meta.internal.io.FileIO$.slurp(FileIO.scala:18)
	at scala.meta.internal.metals.MetalsLspService.didOpen(MetalsLspService.scala:758)
	at scala.meta.internal.metals.WorkspaceLspService.didOpen(WorkspaceLspService.scala:401)
	at scala.meta.metals.lsp.DelegatingScalaService.didOpen(DelegatingScalaService.scala:39)
	at java.base/jdk.internal.reflect.NativeMethodAccessorImpl.invoke0(Native Method)
	at java.base/jdk.internal.reflect.NativeMethodAccessorImpl.invoke(NativeMethodAccessorImpl.java:77)
	at java.base/jdk.internal.reflect.DelegatingMethodAccessorImpl.invoke(DelegatingMethodAccessorImpl.java:43)
	at java.base/java.lang.reflect.Method.invoke(Method.java:568)
	at org.eclipse.lsp4j.jsonrpc.services.GenericEndpoint.lambda$recursiveFindRpcMethods$0(GenericEndpoint.java:65)
	... 11 more

2024.10.05 16:46:56 INFO  no build target found for /Users/samspencer/Documents/GitHub/scala-web-scraper/app/src/main/scala/org/scraper/App.scala. Using presentation compiler with project's scala-library version: 3.3.3
2024.10.05 16:47:11 INFO  running '/Users/samspencer/Documents/GitHub/scala-web-scraper/gradlew --stacktrace --console=plain --init-script /var/folders/jg/k56v6zf913jcc5h1qgqjnxjc0000gp/T/metals7712497870223759987/init-script.gradle bloopInstall'
2024.10.05 16:47:15 INFO  no build target found for /Users/samspencer/Documents/GitHub/scala-web-scraper/app/src/main/scala/org/scraper/App.scala. Using presentation compiler with project's scala-library version: 3.3.3
2024.10.05 16:47:17 INFO  no build target found for /Users/samspencer/Documents/GitHub/scala-web-scraper/app/src/main/scala/org/scraper/App.scala. Using presentation compiler with project's scala-library version: 3.3.3
2024.10.05 16:47:18 INFO  no build target found for /Users/samspencer/Documents/GitHub/scala-web-scraper/app/src/main/scala/org/scraper/App.scala. Using presentation compiler with project's scala-library version: 3.3.3
2024.10.05 16:47:18 INFO  no build target found for /Users/samspencer/Documents/GitHub/scala-web-scraper/app/src/main/scala/org/scraper/App.scala. Using presentation compiler with project's scala-library version: 3.3.3
2024.10.05 16:47:18 INFO  no build target found for /Users/samspencer/Documents/GitHub/scala-web-scraper/app/src/main/scala/org/scraper/App.scala. Using presentation compiler with project's scala-library version: 3.3.3
2024.10.05 16:47:19 INFO  no build target found for /Users/samspencer/Documents/GitHub/scala-web-scraper/app/src/main/scala/org/scraper/App.scala. Using presentation compiler with project's scala-library version: 3.3.3
2024.10.05 16:47:23 INFO  > Task :configureBloopInstall
2024.10.05 16:47:23 INFO  > Task :bloopInstall
2024.10.05 16:47:23 INFO  > Task :app:configureBloopInstall
2024.10.05 16:47:26 INFO  no build target found for /Users/samspencer/Documents/GitHub/scala-web-scraper/app/src/main/scala/org/scraper/App.scala. Using presentation compiler with project's scala-library version: 3.3.3
2024.10.05 16:47:33 INFO  > Task :app:bloopInstall
2024.10.05 16:47:33 INFO  
2024.10.05 16:47:33 INFO  Deprecated Gradle features were used in this build, making it incompatible with Gradle 9.0.
2024.10.05 16:47:33 INFO  
2024.10.05 16:47:33 INFO  You can use '--warning-mode all' to show the individual deprecation warnings and determine if they come from your own scripts or plugins.
2024.10.05 16:47:33 INFO  
2024.10.05 16:47:33 INFO  For more on this, please refer to https://docs.gradle.org/8.10.2/userguide/command_line_interface.html#sec:command_line_warnings in the Gradle documentation.
2024.10.05 16:47:33 INFO  
2024.10.05 16:47:33 INFO  BUILD SUCCESSFUL in 21s
2024.10.05 16:47:33 INFO  4 actionable tasks: 4 executed
2024.10.05 16:47:33 INFO  time: ran 'gradle bloopInstall' in 22s
2024.10.05 16:47:33 INFO  Attempting to connect to the build server...
2024.10.05 16:47:33 INFO  Setting up current java home /Library/Java/JavaVirtualMachines/jdk-17.jdk/Contents/Home in /Users/samspencer/.bloop/bloop.json
2024.10.05 16:48:06 INFO  tracing is disabled for protocol BSP, to enable tracing of incoming and outgoing JSON messages create an empty file at /Users/samspencer/Documents/GitHub/scala-web-scraper/.metals/bsp.trace.json or /Users/samspencer/Library/Caches/org.scalameta.metals/bsp.trace.json
2024.10.05 16:48:15 INFO  time: Connected to build server in 42s
2024.10.05 16:48:15 INFO  Connected to Build server: Bloop v1.6.0
2024.10.05 16:48:15 INFO  time: Imported build in 0.44s
2024.10.05 16:48:15 INFO  running doctor check
2024.10.05 16:48:15 INFO  java targets: app, app-test
2024.10.05 16:48:21 WARN  Flyway upgrade recommended: H2 2.3.230 is newer than this version of Flyway and support has not been tested. The latest supported version of H2 is 2.2.220.
2024.10.05 16:48:58 INFO  time: indexed workspace in 42s
2024.10.05 16:49:24 INFO  compiling app (1 scala source)
2024.10.05 16:49:29 INFO  compiling app (1 scala source)
2024.10.05 16:49:30 INFO  time: compiled app in 1.48s
2024.10.05 16:49:30 INFO  compiling app (1 scala source)
2024.10.05 16:49:30 INFO  time: compiled app in 0.57s
2024.10.05 16:49:54 INFO  compiling app (1 scala source)
2024.10.05 16:49:54 INFO  time: compiled app in 0.32s
2024.10.05 16:50:57 INFO  compiling app (1 scala source)
2024.10.05 16:50:57 INFO  time: compiled app in 0.23s
2024.10.05 16:51:38 INFO  compiling app (1 scala source)
2024.10.05 16:51:38 INFO  time: compiled app in 0.48s
2024.10.05 16:51:47 INFO  compiling app (1 scala source)
2024.10.05 16:51:47 INFO  time: compiled app in 0.45s
2024.10.05 16:52:17 INFO  compiling app (1 scala source)
2024.10.05 16:52:17 INFO  time: compiled app in 0.96s
2024.10.05 16:52:29 INFO  compiling app (1 scala source)
2024.10.05 16:52:29 INFO  time: compiled app in 0.22s
2024.10.05 16:52:38 INFO  compiling app (1 scala source)
2024.10.05 16:52:38 INFO  time: compiled app in 0.19s
2024.10.05 16:52:51 INFO  compiling app (1 scala source)
2024.10.05 16:52:51 INFO  time: compiled app in 0.21s
2024.10.05 16:53:53 INFO  compiling app (1 scala source)
2024.10.05 16:53:55 INFO  time: compiled app in 1.65s
2024.10.05 16:54:16 INFO  compiling app (1 scala source)
2024.10.05 16:54:16 INFO  time: compiled app in 0.49s
2024.10.05 16:54:55 INFO  compiling app (1 scala source)
2024.10.05 16:54:55 INFO  time: compiled app in 0.41s
2024.10.05 16:55:10 INFO  compiling app (1 scala source)
2024.10.05 16:55:10 INFO  time: compiled app in 0.28s
2024.10.05 16:55:15 INFO  compiling app (1 scala source)
2024.10.05 16:55:15 INFO  time: compiled app in 0.42s
Oct 05, 2024 4:59:18 PM org.eclipse.lsp4j.jsonrpc.RemoteEndpoint handleCancellation
WARNING: Unmatched cancel notification for request id 626
Oct 05, 2024 4:59:18 PM org.eclipse.lsp4j.jsonrpc.RemoteEndpoint handleCancellation
WARNING: Unmatched cancel notification for request id 627
Oct 05, 2024 4:59:21 PM org.eclipse.lsp4j.jsonrpc.RemoteEndpoint handleCancellation
WARNING: Unmatched cancel notification for request id 646
Oct 05, 2024 4:59:21 PM org.eclipse.lsp4j.jsonrpc.RemoteEndpoint handleCancellation
WARNING: Unmatched cancel notification for request id 647
2024.10.05 16:59:25 INFO  compiling app (1 scala source)
2024.10.05 16:59:25 INFO  time: compiled app in 0.58s
2024.10.05 16:59:50 INFO  compiling app (1 scala source)
2024.10.05 16:59:50 INFO  time: compiled app in 0.8s
2024.10.05 16:59:54 INFO  compiling app (1 scala source)
2024.10.05 16:59:54 INFO  time: compiled app in 0.28s
2024.10.05 17:00:01 INFO  compiling app (1 scala source)
2024.10.05 17:00:01 INFO  time: compiled app in 0.5s
2024.10.05 17:00:14 INFO  compiling app (1 scala source)
2024.10.05 17:00:14 INFO  time: compiled app in 0.15s
2024.10.05 17:01:20 INFO  compiling app (1 scala source)
2024.10.05 17:01:20 INFO  time: compiled app in 0.38s
2024.10.05 17:02:15 INFO  compiling app (1 scala source)
2024.10.05 17:02:15 INFO  time: compiled app in 0.24s
Oct 05, 2024 5:02:20 PM org.eclipse.lsp4j.jsonrpc.RemoteEndpoint handleCancellation
WARNING: Unmatched cancel notification for request id 879
Oct 05, 2024 5:02:20 PM org.eclipse.lsp4j.jsonrpc.RemoteEndpoint handleCancellation
WARNING: Unmatched cancel notification for request id 875
Oct 05, 2024 5:02:20 PM org.eclipse.lsp4j.jsonrpc.RemoteEndpoint handleCancellation
WARNING: Unmatched cancel notification for request id 876
Oct 05, 2024 5:02:20 PM org.eclipse.lsp4j.jsonrpc.RemoteEndpoint handleCancellation
WARNING: Unmatched cancel notification for request id 881
2024.10.05 17:02:22 INFO  compiling app (1 scala source)
2024.10.05 17:02:26 INFO  time: compiled app in 3.59s
Oct 05, 2024 5:02:26 PM org.eclipse.lsp4j.jsonrpc.RemoteEndpoint handleCancellation
WARNING: Unmatched cancel notification for request id 891
2024.10.05 17:03:08 INFO  compiling app (1 scala source)
2024.10.05 17:03:08 INFO  time: compiled app in 0.31s
2024.10.05 17:03:25 INFO  compiling app (1 scala source)
2024.10.05 17:03:28 INFO  time: compiled app in 2.44s
2024.10.05 17:03:36 INFO  compiling app (1 scala source)
2024.10.05 17:03:36 INFO  time: compiled app in 0.23s
2024.10.05 17:03:36 WARN  Could not load snapshot text for /Users/samspencer/Documents/GitHub/scala-web-scraper/app/src/main/scala/org/scraper/App.scala
2024.10.05 17:03:58 WARN  Could not load snapshot text for /Users/samspencer/Documents/GitHub/scala-web-scraper/app/src/main/scala/org/scraper/App.scala
2024.10.05 17:03:58 WARN  Could not load snapshot text for /Users/samspencer/Documents/GitHub/scala-web-scraper/app/src/main/scala/org/scraper/App.scala
2024.10.05 17:03:58 WARN  Could not load snapshot text for /Users/samspencer/Documents/GitHub/scala-web-scraper/app/src/main/scala/org/scraper/App.scala
2024.10.05 17:04:01 WARN  Could not load snapshot text for /Users/samspencer/Documents/GitHub/scala-web-scraper/app/src/main/scala/org/scraper/App.scala
2024.10.05 17:04:02 WARN  Could not load snapshot text for /Users/samspencer/Documents/GitHub/scala-web-scraper/app/src/main/scala/org/scraper/App.scala
2024.10.05 17:04:04 WARN  Could not load snapshot text for /Users/samspencer/Documents/GitHub/scala-web-scraper/app/src/main/scala/org/scraper/App.scala
2024.10.05 17:04:04 WARN  Could not load snapshot text for /Users/samspencer/Documents/GitHub/scala-web-scraper/app/src/main/scala/org/scraper/App.scala
2024.10.05 17:04:05 WARN  Could not load snapshot text for /Users/samspencer/Documents/GitHub/scala-web-scraper/app/src/main/scala/org/scraper/App.scala
2024.10.05 17:04:07 WARN  Could not load snapshot text for /Users/samspencer/Documents/GitHub/scala-web-scraper/app/src/main/scala/org/scraper/App.scala
2024.10.05 17:04:08 WARN  Could not load snapshot text for /Users/samspencer/Documents/GitHub/scala-web-scraper/app/src/main/scala/org/scraper/App.scala
2024.10.05 17:04:09 WARN  Could not load snapshot text for /Users/samspencer/Documents/GitHub/scala-web-scraper/app/src/main/scala/org/scraper/App.scala
2024.10.05 17:04:11 WARN  Could not load snapshot text for /Users/samspencer/Documents/GitHub/scala-web-scraper/app/src/main/scala/org/scraper/App.scala
2024.10.05 17:04:11 WARN  Could not load snapshot text for /Users/samspencer/Documents/GitHub/scala-web-scraper/app/src/main/scala/org/scraper/App.scala
2024.10.05 17:04:11 INFO  compiling app (1 scala source)
2024.10.05 17:04:11 INFO  time: compiled app in 0.29s
2024.10.05 17:04:12 WARN  Could not load snapshot text for /Users/samspencer/Documents/GitHub/scala-web-scraper/app/src/main/scala/org/scraper/App.scala
2024.10.05 17:04:53 WARN  Could not load snapshot text for /Users/samspencer/Documents/GitHub/scala-web-scraper/app/src/main/scala/org/scraper/App.scala
2024.10.05 17:04:56 WARN  Could not load snapshot text for /Users/samspencer/Documents/GitHub/scala-web-scraper/app/src/main/scala/org/scraper/App.scala
Oct 05, 2024 5:04:56 PM org.eclipse.lsp4j.jsonrpc.RemoteEndpoint handleCancellation
WARNING: Unmatched cancel notification for request id 1305
2024.10.05 17:04:56 WARN  Could not load snapshot text for /Users/samspencer/Documents/GitHub/scala-web-scraper/app/src/main/scala/org/scraper/App.scala
2024.10.05 17:04:57 WARN  Could not load snapshot text for /Users/samspencer/Documents/GitHub/scala-web-scraper/app/src/main/scala/org/scraper/App.scala
2024.10.05 17:04:57 WARN  Could not load snapshot text for /Users/samspencer/Documents/GitHub/scala-web-scraper/app/src/main/scala/org/scraper/App.scala
2024.10.05 17:05:03 WARN  Could not load snapshot text for /Users/samspencer/Documents/GitHub/scala-web-scraper/app/src/main/scala/org/scraper/App.scala
2024.10.05 17:05:04 WARN  Could not load snapshot text for /Users/samspencer/Documents/GitHub/scala-web-scraper/app/src/main/scala/org/scraper/App.scala
2024.10.05 17:05:05 WARN  Could not load snapshot text for /Users/samspencer/Documents/GitHub/scala-web-scraper/app/src/main/scala/org/scraper/App.scala
2024.10.05 17:05:09 WARN  Could not load snapshot text for /Users/samspencer/Documents/GitHub/scala-web-scraper/app/src/main/scala/org/scraper/App.scala
2024.10.05 17:05:09 WARN  Could not load snapshot text for /Users/samspencer/Documents/GitHub/scala-web-scraper/app/src/main/scala/org/scraper/App.scala
2024.10.05 17:05:10 WARN  Could not load snapshot text for /Users/samspencer/Documents/GitHub/scala-web-scraper/app/src/main/scala/org/scraper/App.scala
2024.10.05 17:05:10 WARN  Could not load snapshot text for /Users/samspencer/Documents/GitHub/scala-web-scraper/app/src/main/scala/org/scraper/App.scala
2024.10.05 17:05:11 INFO  compiling app (1 scala source)
2024.10.05 17:05:11 INFO  time: compiled app in 0.37s
2024.10.05 17:05:12 WARN  Could not load snapshot text for /Users/samspencer/Documents/GitHub/scala-web-scraper/app/src/main/scala/org/scraper/App.scala
2024.10.05 17:05:12 WARN  Could not load snapshot text for /Users/samspencer/Documents/GitHub/scala-web-scraper/app/src/main/scala/org/scraper/App.scala
2024.10.05 17:05:21 WARN  Could not load snapshot text for /Users/samspencer/Documents/GitHub/scala-web-scraper/app/src/main/scala/org/scraper/App.scala
2024.10.05 17:05:21 WARN  Could not load snapshot text for /Users/samspencer/Documents/GitHub/scala-web-scraper/app/src/main/scala/org/scraper/App.scala
2024.10.05 17:05:22 WARN  Could not load snapshot text for /Users/samspencer/Documents/GitHub/scala-web-scraper/app/src/main/scala/org/scraper/App.scala
2024.10.05 17:05:22 WARN  Could not load snapshot text for /Users/samspencer/Documents/GitHub/scala-web-scraper/app/src/main/scala/org/scraper/App.scala
2024.10.05 17:05:59 WARN  Could not load snapshot text for /Users/samspencer/Documents/GitHub/scala-web-scraper/app/src/main/scala/org/scraper/App.scala
2024.10.05 17:06:04 WARN  Could not load snapshot text for /Users/samspencer/Documents/GitHub/scala-web-scraper/app/src/main/scala/org/scraper/App.scala
2024.10.05 17:06:06 WARN  Could not load snapshot text for /Users/samspencer/Documents/GitHub/scala-web-scraper/app/src/main/scala/org/scraper/App.scala
2024.10.05 17:06:07 WARN  Could not load snapshot text for /Users/samspencer/Documents/GitHub/scala-web-scraper/app/src/main/scala/org/scraper/App.scala
2024.10.05 17:06:13 INFO  compiling app (1 scala source)
2024.10.05 17:06:16 INFO  time: compiled app in 2.24s
2024.10.05 17:06:57 INFO  compiling app (1 scala source)
2024.10.05 17:07:00 INFO  time: compiled app in 2.89s
2024.10.05 17:07:11 INFO  compiling app (1 scala source)
Oct 05, 2024 5:07:13 PM org.eclipse.lsp4j.jsonrpc.RemoteEndpoint handleCancellation
WARNING: Unmatched cancel notification for request id 1615
2024.10.05 17:07:13 INFO  time: compiled app in 2.42s
2024.10.05 17:07:13 INFO  compiling app (1 scala source)
2024.10.05 17:07:13 WARN  Could not load snapshot text for /Users/samspencer/Documents/GitHub/scala-web-scraper/app/src/main/scala/org/scraper/App.scala
2024.10.05 17:07:13 INFO  time: compiled app in 0.63s
2024.10.05 17:07:39 INFO  compiling app (1 scala source)
2024.10.05 17:07:39 INFO  time: compiled app in 0.24s
2024.10.05 17:07:40 INFO  compiling app (1 scala source)
2024.10.05 17:07:40 INFO  time: compiled app in 0.39s
Oct 05, 2024 5:08:19 PM org.eclipse.lsp4j.jsonrpc.RemoteEndpoint handleCancellation
WARNING: Unmatched cancel notification for request id 1926
something's wrong: no file:///Users/samspencer/Documents/GitHub/scala-web-scraper/app/src/main/scala/org/scraper/App.scala in List[<error>]RangePosition(file:///Users/samspencer/Documents/GitHub/scala-web-scraper/app/src/main/scala/org/scraper/App.scala, 510, 510, 524)
something's wrong: no file:///Users/samspencer/Documents/GitHub/scala-web-scraper/app/src/main/scala/org/scraper/App.scala in List[<error>]RangePosition(file:///Users/samspencer/Documents/GitHub/scala-web-scraper/app/src/main/scala/org/scraper/App.scala, 510, 510, 517)
something's wrong: no file:///Users/samspencer/Documents/GitHub/scala-web-scraper/app/src/main/scala/org/scraper/App.scala in List[<error>]RangePosition(file:///Users/samspencer/Documents/GitHub/scala-web-scraper/app/src/main/scala/org/scraper/App.scala, 510, 510, 524)
something's wrong: no file:///Users/samspencer/Documents/GitHub/scala-web-scraper/app/src/main/scala/org/scraper/App.scala in List[<error>]RangePosition(file:///Users/samspencer/Documents/GitHub/scala-web-scraper/app/src/main/scala/org/scraper/App.scala, 510, 510, 517)
something's wrong: no file:///Users/samspencer/Documents/GitHub/scala-web-scraper/app/src/main/scala/org/scraper/App.scala in List[<error>]RangePosition(file:///Users/samspencer/Documents/GitHub/scala-web-scraper/app/src/main/scala/org/scraper/App.scala, 510, 510, 518)
something's wrong: no file:///Users/samspencer/Documents/GitHub/scala-web-scraper/app/src/main/scala/org/scraper/App.scala in List[<error>]RangePosition(file:///Users/samspencer/Documents/GitHub/scala-web-scraper/app/src/main/scala/org/scraper/App.scala, 510, 510, 519)
something's wrong: no file:///Users/samspencer/Documents/GitHub/scala-web-scraper/app/src/main/scala/org/scraper/App.scala in List[org.openqa.selenium.WebElement]RangePosition(file:///Users/samspencer/Documents/GitHub/scala-web-scraper/app/src/main/scala/org/scraper/App.scala, 510, 510, 526)
2024.10.05 17:08:28 INFO  compiling app (1 scala source)
2024.10.05 17:08:28 INFO  time: compiled app in 0.2s
Oct 05, 2024 5:08:55 PM org.eclipse.lsp4j.jsonrpc.RemoteEndpoint handleCancellation
WARNING: Unmatched cancel notification for request id 2023
Oct 05, 2024 5:08:55 PM org.eclipse.lsp4j.jsonrpc.RemoteEndpoint handleCancellation
WARNING: Unmatched cancel notification for request id 2026
something's wrong: no file:///Users/samspencer/Documents/GitHub/scala-web-scraper/app/src/main/scala/org/scraper/App.scala in List[<error>]RangePosition(file:///Users/samspencer/Documents/GitHub/scala-web-scraper/app/src/main/scala/org/scraper/App.scala, 510, 510, 519)
Oct 05, 2024 5:08:55 PM org.eclipse.lsp4j.jsonrpc.RemoteEndpoint handleCancellation
WARNING: Unmatched cancel notification for request id 2043
Oct 05, 2024 5:08:55 PM org.eclipse.lsp4j.jsonrpc.RemoteEndpoint handleCancellation
WARNING: Unmatched cancel notification for request id 2045
Oct 05, 2024 5:08:55 PM org.eclipse.lsp4j.jsonrpc.RemoteEndpoint handleCancellation
WARNING: Unmatched cancel notification for request id 2047
2024.10.05 17:09:03 INFO  compiling app (1 scala source)
2024.10.05 17:09:03 INFO  time: compiled app in 0.2s
2024.10.05 17:09:34 INFO  compiling app (1 scala source)
2024.10.05 17:09:34 INFO  time: compiled app in 0.41s
2024.10.05 17:09:36 INFO  compiling app (1 scala source)
2024.10.05 17:09:36 INFO  time: compiled app in 0.38s
2024.10.05 17:09:43 INFO  compiling app (1 scala source)
2024.10.05 17:09:43 INFO  time: compiled app in 0.26s
2024.10.05 17:10:59 INFO  compiling app (1 scala source)
2024.10.05 17:10:59 INFO  time: compiled app in 0.21s
2024.10.05 17:12:31 INFO  compiling app (1 scala source)
2024.10.05 17:12:31 INFO  time: compiled app in 0.35s
2024.10.05 17:12:36 INFO  compiling app (1 scala source)
2024.10.05 17:12:38 INFO  time: compiled app in 2.11s
2024.10.05 17:12:41 INFO  compiling app (1 scala source)
2024.10.05 17:12:43 INFO  time: compiled app in 1.67s
2024.10.05 17:13:15 INFO  compiling app (1 scala source)
2024.10.05 17:13:15 INFO  time: compiled app in 0.18s
2024.10.05 17:13:18 INFO  compiling app (1 scala source)
2024.10.05 17:13:18 INFO  time: compiled app in 0.16s
2024.10.05 17:13:26 INFO  compiling app (1 scala source)
2024.10.05 17:13:28 INFO  time: compiled app in 1.57s
something's wrong: no file:///Users/samspencer/Documents/GitHub/scala-web-scraper/app/src/main/scala/org/scraper/App.scala in List[<error>]RangePosition(file:///Users/samspencer/Documents/GitHub/scala-web-scraper/app/src/main/scala/org/scraper/App.scala, 552, 552, 566)
something's wrong: no file:///Users/samspencer/Documents/GitHub/scala-web-scraper/app/src/main/scala/org/scraper/App.scala in List[<error>]RangePosition(file:///Users/samspencer/Documents/GitHub/scala-web-scraper/app/src/main/scala/org/scraper/App.scala, 552, 552, 560)
something's wrong: no file:///Users/samspencer/Documents/GitHub/scala-web-scraper/app/src/main/scala/org/scraper/App.scala in List[<error>]RangePosition(file:///Users/samspencer/Documents/GitHub/scala-web-scraper/app/src/main/scala/org/scraper/App.scala, 552, 552, 561)
something's wrong: no file:///Users/samspencer/Documents/GitHub/scala-web-scraper/app/src/main/scala/org/scraper/App.scala in List[org.openqa.selenium.WebElement]RangePosition(file:///Users/samspencer/Documents/GitHub/scala-web-scraper/app/src/main/scala/org/scraper/App.scala, 552, 552, 568)
2024.10.05 17:13:39 INFO  compiling app (1 scala source)
2024.10.05 17:13:39 INFO  time: compiled app in 0.24s
2024.10.05 17:13:54 INFO  compiling app (1 scala source)
2024.10.05 17:13:56 INFO  time: compiled app in 1.65s
Oct 05, 2024 5:14:16 PM scala.meta.internal.pc.CompletionProvider expected$1
WARNING: offset 655, count -1, length 744
2024.10.05 17:14:23 INFO  compiling app (1 scala source)
2024.10.05 17:14:25 INFO  time: compiled app in 2.05s
2024.10.05 17:14:29 INFO  compiling app (1 scala source)
2024.10.05 17:14:30 INFO  time: compiled app in 1.45s
